<?xml version="1.0" encoding="UTF-8"?>
<testsuite name="com.masuldev.spring.web.IndexControllerTest" tests="1" skipped="0" failures="0" errors="0" timestamp="2020-12-11T07:34:16" hostname="Masuldev-Mac.local" time="0.122">
  <properties/>
  <testcase name="메인페이지_로딩" classname="com.masuldev.spring.web.IndexControllerTest" time="0.122"/>
  <system-out><![CDATA[2020-12-11 16:34:14.699  INFO 1352 --- [    Test worker] .b.t.c.SpringBootTestContextBootstrapper : Neither @ContextConfiguration nor @ContextHierarchy found for test class [com.masuldev.spring.web.IndexControllerTest], using SpringBootContextLoader
2020-12-11 16:34:14.699  INFO 1352 --- [    Test worker] o.s.t.c.support.AbstractContextLoader    : Could not detect default resource locations for test class [com.masuldev.spring.web.IndexControllerTest]: no resource found for suffixes {-context.xml, Context.groovy}.
2020-12-11 16:34:14.699  INFO 1352 --- [    Test worker] t.c.s.AnnotationConfigContextLoaderUtils : Could not detect default configuration classes for test class [com.masuldev.spring.web.IndexControllerTest]: IndexControllerTest does not declare any static, non-private, non-final, nested classes annotated with @Configuration.
2020-12-11 16:34:14.700  INFO 1352 --- [    Test worker] .b.t.c.SpringBootTestContextBootstrapper : Found @SpringBootConfiguration com.masuldev.spring.Application for test class com.masuldev.spring.web.IndexControllerTest
2020-12-11 16:34:14.701  INFO 1352 --- [    Test worker] .b.t.c.SpringBootTestContextBootstrapper : Loaded default TestExecutionListener class names from location [META-INF/spring.factories]: [org.springframework.security.test.context.support.WithSecurityContextTestExecutionListener, org.springframework.security.test.context.support.ReactorContextTestExecutionListener, org.springframework.boot.test.autoconfigure.restdocs.RestDocsTestExecutionListener, org.springframework.boot.test.autoconfigure.web.client.MockRestServiceServerResetTestExecutionListener, org.springframework.boot.test.autoconfigure.web.servlet.MockMvcPrintOnlyOnFailureTestExecutionListener, org.springframework.boot.test.autoconfigure.web.servlet.WebDriverTestExecutionListener, org.springframework.boot.test.mock.mockito.MockitoTestExecutionListener, org.springframework.boot.test.mock.mockito.ResetMocksTestExecutionListener, org.springframework.test.context.web.ServletTestExecutionListener, org.springframework.test.context.support.DirtiesContextBeforeModesTestExecutionListener, org.springframework.test.context.support.DependencyInjectionTestExecutionListener, org.springframework.test.context.support.DirtiesContextTestExecutionListener, org.springframework.test.context.transaction.TransactionalTestExecutionListener, org.springframework.test.context.jdbc.SqlScriptsTestExecutionListener]
2020-12-11 16:34:14.701  INFO 1352 --- [    Test worker] .b.t.c.SpringBootTestContextBootstrapper : Using TestExecutionListeners: [org.springframework.test.context.web.ServletTestExecutionListener@29859942, org.springframework.test.context.support.DirtiesContextBeforeModesTestExecutionListener@22eb7821, org.springframework.boot.test.mock.mockito.MockitoTestExecutionListener@3f554240, org.springframework.boot.test.autoconfigure.SpringBootDependencyInjectionTestExecutionListener@8ad774b, org.springframework.test.context.support.DirtiesContextTestExecutionListener@d67b095, org.springframework.test.context.transaction.TransactionalTestExecutionListener@7434fb68, org.springframework.test.context.jdbc.SqlScriptsTestExecutionListener@6166e0ec, org.springframework.security.test.context.support.WithSecurityContextTestExecutionListener@212c4a4, org.springframework.security.test.context.support.ReactorContextTestExecutionListener@32412f6b, org.springframework.boot.test.autoconfigure.restdocs.RestDocsTestExecutionListener@61fd7df0, org.springframework.boot.test.autoconfigure.web.client.MockRestServiceServerResetTestExecutionListener@374a90a3, org.springframework.boot.test.autoconfigure.web.servlet.MockMvcPrintOnlyOnFailureTestExecutionListener@2369550a, org.springframework.boot.test.autoconfigure.web.servlet.WebDriverTestExecutionListener@18680c7b, org.springframework.boot.test.mock.mockito.ResetMocksTestExecutionListener@12f0f07b]

  .   ____          _            __ _ _
 /\\ / ___'_ __ _ _(_)_ __  __ _ \ \ \ \
( ( )\___ | '_ | '_| | '_ \/ _` | \ \ \ \
 \\/  ___)| |_)| | | | | || (_| |  ) ) ) )
  '  |____| .__|_| |_|_| |_\__, | / / / /
 =========|_|==============|___/=/_/_/_/
 :: Spring Boot ::        (v2.1.7.RELEASE)

2020-12-11 16:34:14.717  INFO 1352 --- [    Test worker] c.m.spring.web.IndexControllerTest       : Starting IndexControllerTest on Masuldev-Mac.local with PID 1352 (started by masuldev in /Users/masuldev/Workspace/springboot-masuldev)
2020-12-11 16:34:14.717  INFO 1352 --- [    Test worker] c.m.spring.web.IndexControllerTest       : No active profile set, falling back to default profiles: default
2020-12-11 16:34:14.840  INFO 1352 --- [    Test worker] .s.d.r.c.RepositoryConfigurationDelegate : Bootstrapping Spring Data repositories in DEFAULT mode.
2020-12-11 16:34:14.852  INFO 1352 --- [    Test worker] .s.d.r.c.RepositoryConfigurationDelegate : Finished Spring Data repository scanning in 11ms. Found 2 repository interfaces.
2020-12-11 16:34:14.922  INFO 1352 --- [    Test worker] trationDelegate$BeanPostProcessorChecker : Bean 'org.springframework.transaction.annotation.ProxyTransactionManagementConfiguration' of type [org.springframework.transaction.annotation.ProxyTransactionManagementConfiguration$$EnhancerBySpringCGLIB$$996993a] is not eligible for getting processed by all BeanPostProcessors (for example: not eligible for auto-proxying)
2020-12-11 16:34:15.110  INFO 1352 --- [    Test worker] o.s.b.w.embedded.tomcat.TomcatWebServer  : Tomcat initialized with port(s): 0 (http)
2020-12-11 16:34:15.137  INFO 1352 --- [    Test worker] o.apache.catalina.core.StandardService   : Starting service [Tomcat]
2020-12-11 16:34:15.137  INFO 1352 --- [    Test worker] org.apache.catalina.core.StandardEngine  : Starting Servlet engine: [Apache Tomcat/9.0.22]
2020-12-11 16:34:15.236  INFO 1352 --- [    Test worker] o.a.c.c.C.[Tomcat].[localhost].[/]       : Initializing Spring embedded WebApplicationContext
2020-12-11 16:34:15.236  INFO 1352 --- [    Test worker] o.s.web.context.ContextLoader            : Root WebApplicationContext: initialization completed in 518 ms
2020-12-11 16:34:15.376  INFO 1352 --- [    Test worker] com.zaxxer.hikari.HikariDataSource       : HikariPool-2 - Starting...
2020-12-11 16:34:15.377  INFO 1352 --- [    Test worker] com.zaxxer.hikari.HikariDataSource       : HikariPool-2 - Start completed.
2020-12-11 16:34:15.400  INFO 1352 --- [    Test worker] o.hibernate.jpa.internal.util.LogHelper  : HHH000204: Processing PersistenceUnitInfo [
	name: default
	...]
2020-12-11 16:34:15.405  INFO 1352 --- [    Test worker] org.hibernate.dialect.Dialect            : HHH000400: Using dialect: org.hibernate.dialect.MySQL5InnoDBDialect
Hibernate: drop table if exists posts
Hibernate: drop table if exists user
Hibernate: create table posts (id bigint not null auto_increment, created_date datetime, modified_date datetime, author varchar(255), content TEXT not null, title varchar(500) not null, primary key (id)) engine=InnoDB
Hibernate: create table user (id bigint not null auto_increment, created_date datetime, modified_date datetime, email varchar(255) not null, name varchar(255) not null, picture varchar(255), role varchar(255) not null, primary key (id)) engine=InnoDB
2020-12-11 16:34:15.450  INFO 1352 --- [    Test worker] o.h.t.schema.internal.SchemaCreatorImpl  : HHH000476: Executing import script 'org.hibernate.tool.schema.internal.exec.ScriptSourceInputNonExistentImpl@3c1dec14'
2020-12-11 16:34:15.450  INFO 1352 --- [    Test worker] j.LocalContainerEntityManagerFactoryBean : Initialized JPA EntityManagerFactory for persistence unit 'default'
2020-12-11 16:34:15.676  INFO 1352 --- [    Test worker] o.h.h.i.QueryTranslatorFactoryInitiator  : HHH000397: Using ASTQueryTranslatorFactory
2020-12-11 16:34:15.757  INFO 1352 --- [    Test worker] o.s.s.web.DefaultSecurityFilterChain     : Creating filter chain: any request, [org.springframework.security.web.context.request.async.WebAsyncManagerIntegrationFilter@cfebe40, org.springframework.security.web.context.SecurityContextPersistenceFilter@2e4164e7, org.springframework.security.web.header.HeaderWriterFilter@12a8447, org.springframework.security.web.authentication.logout.LogoutFilter@51c18bc1, org.springframework.security.oauth2.client.web.OAuth2AuthorizationRequestRedirectFilter@785b652b, org.springframework.security.oauth2.client.web.OAuth2LoginAuthenticationFilter@32ca0019, org.springframework.security.web.authentication.ui.DefaultLoginPageGeneratingFilter@7402bffa, org.springframework.security.web.authentication.ui.DefaultLogoutPageGeneratingFilter@51221c8f, org.springframework.security.web.savedrequest.RequestCacheAwareFilter@38d29567, org.springframework.security.web.servletapi.SecurityContextHolderAwareRequestFilter@6d0f3686, org.springframework.security.web.authentication.AnonymousAuthenticationFilter@727359bd, org.springframework.security.web.session.SessionManagementFilter@2ed6f84d, org.springframework.security.web.access.ExceptionTranslationFilter@77cc2929, org.springframework.security.web.access.intercept.FilterSecurityInterceptor@6816a2e2]
2020-12-11 16:34:15.861  INFO 1352 --- [    Test worker] o.s.s.concurrent.ThreadPoolTaskExecutor  : Initializing ExecutorService 'applicationTaskExecutor'
2020-12-11 16:34:15.869  WARN 1352 --- [    Test worker] aWebConfiguration$JpaWebMvcConfiguration : spring.jpa.open-in-view is enabled by default. Therefore, database queries may be performed during view rendering. Explicitly configure spring.jpa.open-in-view to disable this warning
2020-12-11 16:34:15.886  INFO 1352 --- [    Test worker] o.s.b.a.w.s.WelcomePageHandlerMapping    : Adding welcome page template: index
2020-12-11 16:34:16.048  INFO 1352 --- [    Test worker] s.a.ScheduledAnnotationBeanPostProcessor : No TaskScheduler/ScheduledExecutorService bean found for scheduled processing
2020-12-11 16:34:16.060  INFO 1352 --- [    Test worker] o.s.b.w.embedded.tomcat.TomcatWebServer  : Tomcat started on port(s): 49560 (http) with context path ''
2020-12-11 16:34:16.061  INFO 1352 --- [    Test worker] c.m.spring.web.IndexControllerTest       : Started IndexControllerTest in 1.359 seconds (JVM running for 6.737)
2020-12-11 16:34:16.130  INFO 1352 --- [o-auto-1-exec-1] o.a.c.c.C.[Tomcat].[localhost].[/]       : Initializing Spring DispatcherServlet 'dispatcherServlet'
2020-12-11 16:34:16.130  INFO 1352 --- [o-auto-1-exec-1] o.s.web.servlet.DispatcherServlet        : Initializing Servlet 'dispatcherServlet'
2020-12-11 16:34:16.140  INFO 1352 --- [o-auto-1-exec-1] o.s.web.servlet.DispatcherServlet        : Completed initialization in 10 ms
Hibernate: select posts0_.id as id1_0_, posts0_.created_date as created_2_0_, posts0_.modified_date as modified3_0_, posts0_.author as author4_0_, posts0_.content as content5_0_, posts0_.title as title6_0_ from posts posts0_ order by posts0_.id DESC
]]></system-out>
  <system-err><![CDATA[]]></system-err>
</testsuite>
