<?xml version="1.0" encoding="UTF-8"?>
<testsuite name="com.masuldev.spring.web.domain.posts.PostsRepositoryTest" tests="2" skipped="0" failures="0" errors="0" timestamp="2020-12-26T12:42:07" hostname="Masuldev-Mac.local" time="0.21">
  <properties/>
  <testcase name="게시글저장_불러오기()" classname="com.masuldev.spring.web.domain.posts.PostsRepositoryTest" time="0.199"/>
  <testcase name="BaseTimeEntity_등록()" classname="com.masuldev.spring.web.domain.posts.PostsRepositoryTest" time="0.01"/>
  <system-out><![CDATA[21:42:02.676 [Test worker] DEBUG org.springframework.test.context.BootstrapUtils - Instantiating CacheAwareContextLoaderDelegate from class [org.springframework.test.context.cache.DefaultCacheAwareContextLoaderDelegate]
21:42:02.685 [Test worker] DEBUG org.springframework.test.context.BootstrapUtils - Instantiating BootstrapContext using constructor [public org.springframework.test.context.support.DefaultBootstrapContext(java.lang.Class,org.springframework.test.context.CacheAwareContextLoaderDelegate)]
21:42:02.717 [Test worker] DEBUG org.springframework.test.context.BootstrapUtils - Instantiating TestContextBootstrapper for test class [com.masuldev.spring.web.domain.posts.PostsRepositoryTest] from class [org.springframework.boot.test.context.SpringBootTestContextBootstrapper]
21:42:02.725 [Test worker] INFO org.springframework.boot.test.context.SpringBootTestContextBootstrapper - Neither @ContextConfiguration nor @ContextHierarchy found for test class [com.masuldev.spring.web.domain.posts.PostsRepositoryTest], using SpringBootContextLoader
21:42:02.729 [Test worker] DEBUG org.springframework.test.context.support.AbstractContextLoader - Did not detect default resource location for test class [com.masuldev.spring.web.domain.posts.PostsRepositoryTest]: class path resource [com/masuldev/spring/web/domain/posts/PostsRepositoryTest-context.xml] does not exist
21:42:02.729 [Test worker] DEBUG org.springframework.test.context.support.AbstractContextLoader - Did not detect default resource location for test class [com.masuldev.spring.web.domain.posts.PostsRepositoryTest]: class path resource [com/masuldev/spring/web/domain/posts/PostsRepositoryTestContext.groovy] does not exist
21:42:02.729 [Test worker] INFO org.springframework.test.context.support.AbstractContextLoader - Could not detect default resource locations for test class [com.masuldev.spring.web.domain.posts.PostsRepositoryTest]: no resource found for suffixes {-context.xml, Context.groovy}.
21:42:02.730 [Test worker] INFO org.springframework.test.context.support.AnnotationConfigContextLoaderUtils - Could not detect default configuration classes for test class [com.masuldev.spring.web.domain.posts.PostsRepositoryTest]: PostsRepositoryTest does not declare any static, non-private, non-final, nested classes annotated with @Configuration.
21:42:02.761 [Test worker] DEBUG org.springframework.test.context.support.ActiveProfilesUtils - Could not find an 'annotation declaring class' for annotation type [org.springframework.test.context.ActiveProfiles] and class [com.masuldev.spring.web.domain.posts.PostsRepositoryTest]
21:42:02.821 [Test worker] DEBUG org.springframework.context.annotation.ClassPathScanningCandidateComponentProvider - Identified candidate component class: file [/Users/masuldev/Workspace/github.com/springboot-masuldev/build/classes/java/main/com/masuldev/spring/Application.class]
21:42:02.821 [Test worker] INFO org.springframework.boot.test.context.SpringBootTestContextBootstrapper - Found @SpringBootConfiguration com.masuldev.spring.Application for test class com.masuldev.spring.web.domain.posts.PostsRepositoryTest
21:42:02.889 [Test worker] DEBUG org.springframework.boot.test.context.SpringBootTestContextBootstrapper - @TestExecutionListeners is not present for class [com.masuldev.spring.web.domain.posts.PostsRepositoryTest]: using defaults.
21:42:02.890 [Test worker] INFO org.springframework.boot.test.context.SpringBootTestContextBootstrapper - Loaded default TestExecutionListener class names from location [META-INF/spring.factories]: [org.springframework.security.test.context.support.WithSecurityContextTestExecutionListener, org.springframework.security.test.context.support.ReactorContextTestExecutionListener, org.springframework.boot.test.autoconfigure.restdocs.RestDocsTestExecutionListener, org.springframework.boot.test.autoconfigure.web.client.MockRestServiceServerResetTestExecutionListener, org.springframework.boot.test.autoconfigure.web.servlet.MockMvcPrintOnlyOnFailureTestExecutionListener, org.springframework.boot.test.autoconfigure.web.servlet.WebDriverTestExecutionListener, org.springframework.boot.test.autoconfigure.webservices.client.MockWebServiceServerTestExecutionListener, org.springframework.boot.test.mock.mockito.MockitoTestExecutionListener, org.springframework.boot.test.mock.mockito.ResetMocksTestExecutionListener, org.springframework.test.context.web.ServletTestExecutionListener, org.springframework.test.context.support.DirtiesContextBeforeModesTestExecutionListener, org.springframework.test.context.support.DependencyInjectionTestExecutionListener, org.springframework.test.context.support.DirtiesContextTestExecutionListener, org.springframework.test.context.transaction.TransactionalTestExecutionListener, org.springframework.test.context.jdbc.SqlScriptsTestExecutionListener, org.springframework.test.context.event.EventPublishingTestExecutionListener]
21:42:02.904 [Test worker] INFO org.springframework.boot.test.context.SpringBootTestContextBootstrapper - Using TestExecutionListeners: [org.springframework.test.context.web.ServletTestExecutionListener@38fc96a3, org.springframework.test.context.support.DirtiesContextBeforeModesTestExecutionListener@3e7efd5f, org.springframework.boot.test.mock.mockito.MockitoTestExecutionListener@25f71e11, org.springframework.boot.test.autoconfigure.SpringBootDependencyInjectionTestExecutionListener@54373185, org.springframework.test.context.support.DirtiesContextTestExecutionListener@8a2ec2e, org.springframework.test.context.transaction.TransactionalTestExecutionListener@417f7c60, org.springframework.test.context.jdbc.SqlScriptsTestExecutionListener@5c65e5c8, org.springframework.security.test.context.support.WithSecurityContextTestExecutionListener@31b34cd8, org.springframework.test.context.event.EventPublishingTestExecutionListener@2e6f155c, org.springframework.security.test.context.support.ReactorContextTestExecutionListener@1449f08d, org.springframework.boot.test.autoconfigure.restdocs.RestDocsTestExecutionListener@67710c69, org.springframework.boot.test.autoconfigure.web.client.MockRestServiceServerResetTestExecutionListener@4c0f49d3, org.springframework.boot.test.autoconfigure.web.servlet.MockMvcPrintOnlyOnFailureTestExecutionListener@1a9c70fb, org.springframework.boot.test.autoconfigure.web.servlet.WebDriverTestExecutionListener@418a26bd, org.springframework.boot.test.autoconfigure.webservices.client.MockWebServiceServerTestExecutionListener@2ef768a1, org.springframework.boot.test.mock.mockito.ResetMocksTestExecutionListener@1880ed7d]
21:42:02.906 [Test worker] DEBUG org.springframework.test.context.support.AbstractDirtiesContextTestExecutionListener - Before test class: context [DefaultTestContext@462376aa testClass = PostsRepositoryTest, testInstance = [null], testMethod = [null], testException = [null], mergedContextConfiguration = [WebMergedContextConfiguration@1a4f57b8 testClass = PostsRepositoryTest, locations = '{}', classes = '{class com.masuldev.spring.Application}', contextInitializerClasses = '[]', activeProfiles = '{}', propertySourceLocations = '{}', propertySourceProperties = '{org.springframework.boot.test.context.SpringBootTestContextBootstrapper=true}', contextCustomizers = set[org.springframework.boot.test.autoconfigure.actuate.metrics.MetricsExportContextCustomizerFactory$DisableMetricExportContextCustomizer@2e5a084c, org.springframework.boot.test.autoconfigure.properties.PropertyMappingContextCustomizer@0, org.springframework.boot.test.autoconfigure.web.servlet.WebDriverContextCustomizerFactory$Customizer@343940df, org.springframework.boot.test.context.filter.ExcludeFilterContextCustomizer@6d292fbc, org.springframework.boot.test.json.DuplicateJsonObjectContextCustomizerFactory$DuplicateJsonObjectContextCustomizer@1e2d1612, org.springframework.boot.test.mock.mockito.MockitoContextCustomizer@0, org.springframework.boot.test.web.client.TestRestTemplateContextCustomizer@4b0a1ab1, org.springframework.boot.test.context.SpringBootTestArgs@1, org.springframework.boot.test.context.SpringBootTestWebEnvironment@41419597], resourceBasePath = 'src/main/webapp', contextLoader = 'org.springframework.boot.test.context.SpringBootContextLoader', parent = [null]], attributes = map['org.springframework.test.context.web.ServletTestExecutionListener.activateListener' -> true]], class annotated with @DirtiesContext [false] with mode [null].
21:42:02.926 [Test worker] DEBUG org.springframework.test.context.support.TestPropertySourceUtils - Adding inlined properties to environment: {spring.jmx.enabled=false, org.springframework.boot.test.context.SpringBootTestContextBootstrapper=true}

  .   ____          _            __ _ _
 /\\ / ___'_ __ _ _(_)_ __  __ _ \ \ \ \
( ( )\___ | '_ | '_| | '_ \/ _` | \ \ \ \
 \\/  ___)| |_)| | | | | || (_| |  ) ) ) )
  '  |____| .__|_| |_|_| |_\__, | / / / /
 =========|_|==============|___/=/_/_/_/
 :: Spring Boot ::                (v2.4.1)

2020-12-26 21:42:03.428  INFO 32177 --- [    Test worker] c.m.s.w.d.posts.PostsRepositoryTest      : Starting PostsRepositoryTest using Java 1.8.0_275 on Masuldev-Mac.local with PID 32177 (started by masuldev in /Users/masuldev/Workspace/github.com/springboot-masuldev)
2020-12-26 21:42:03.430  INFO 32177 --- [    Test worker] c.m.s.w.d.posts.PostsRepositoryTest      : No active profile set, falling back to default profiles: default
2020-12-26 21:42:04.094  INFO 32177 --- [    Test worker] .s.d.r.c.RepositoryConfigurationDelegate : Bootstrapping Spring Data JPA repositories in DEFAULT mode.
2020-12-26 21:42:04.145  INFO 32177 --- [    Test worker] .s.d.r.c.RepositoryConfigurationDelegate : Finished Spring Data repository scanning in 45 ms. Found 2 JPA repository interfaces.
2020-12-26 21:42:04.580  INFO 32177 --- [    Test worker] com.zaxxer.hikari.HikariDataSource       : HikariPool-1 - Starting...
2020-12-26 21:42:04.771  INFO 32177 --- [    Test worker] com.zaxxer.hikari.HikariDataSource       : HikariPool-1 - Start completed.
2020-12-26 21:42:04.844  INFO 32177 --- [    Test worker] o.hibernate.jpa.internal.util.LogHelper  : HHH000204: Processing PersistenceUnitInfo [name: default]
2020-12-26 21:42:04.894  INFO 32177 --- [    Test worker] org.hibernate.Version                    : HHH000412: Hibernate ORM core version 5.4.25.Final
2020-12-26 21:42:05.029  INFO 32177 --- [    Test worker] o.hibernate.annotations.common.Version   : HCANN000001: Hibernate Commons Annotations {5.1.2.Final}
2020-12-26 21:42:05.144  INFO 32177 --- [    Test worker] org.hibernate.dialect.Dialect            : HHH000400: Using dialect: org.hibernate.dialect.MySQL57Dialect
Hibernate: drop table if exists posts
Hibernate: drop table if exists user
Hibernate: create table posts (id bigint not null auto_increment, created_date datetime(6), modified_date datetime(6), author varchar(255), content TEXT not null, title varchar(500) not null, primary key (id)) engine=InnoDB
Hibernate: create table user (id bigint not null auto_increment, created_date datetime(6), modified_date datetime(6), email varchar(255) not null, name varchar(255) not null, picture varchar(255), role varchar(255) not null, primary key (id)) engine=InnoDB
2020-12-26 21:42:05.614  INFO 32177 --- [    Test worker] o.h.e.t.j.p.i.JtaPlatformInitiator       : HHH000490: Using JtaPlatform implementation: [org.hibernate.engine.transaction.jta.platform.internal.NoJtaPlatform]
2020-12-26 21:42:05.620  INFO 32177 --- [    Test worker] j.LocalContainerEntityManagerFactoryBean : Initialized JPA EntityManagerFactory for persistence unit 'default'
2020-12-26 21:42:06.060  WARN 32177 --- [    Test worker] JpaBaseConfiguration$JpaWebConfiguration : spring.jpa.open-in-view is enabled by default. Therefore, database queries may be performed during view rendering. Explicitly configure spring.jpa.open-in-view to disable this warning
2020-12-26 21:42:06.696  INFO 32177 --- [    Test worker] o.s.s.web.DefaultSecurityFilterChain     : Will secure any request with [org.springframework.security.web.context.request.async.WebAsyncManagerIntegrationFilter@3a41687, org.springframework.security.web.context.SecurityContextPersistenceFilter@1dfafee3, org.springframework.security.web.header.HeaderWriterFilter@7a625082, org.springframework.security.web.authentication.logout.LogoutFilter@131947c7, org.springframework.security.oauth2.client.web.OAuth2AuthorizationRequestRedirectFilter@1593b999, org.springframework.security.oauth2.client.web.OAuth2LoginAuthenticationFilter@35ad9be1, org.springframework.security.web.authentication.ui.DefaultLoginPageGeneratingFilter@3c25c36c, org.springframework.security.web.authentication.ui.DefaultLogoutPageGeneratingFilter@1bf38765, org.springframework.security.web.savedrequest.RequestCacheAwareFilter@537d2f7f, org.springframework.security.web.servletapi.SecurityContextHolderAwareRequestFilter@5188f103, org.springframework.security.web.authentication.AnonymousAuthenticationFilter@274e098d, org.springframework.security.web.session.SessionManagementFilter@7c02246c, org.springframework.security.web.access.ExceptionTranslationFilter@1fd069ba, org.springframework.security.web.access.intercept.FilterSecurityInterceptor@31813c35]
2020-12-26 21:42:07.047  INFO 32177 --- [    Test worker] o.s.s.concurrent.ThreadPoolTaskExecutor  : Initializing ExecutorService 'applicationTaskExecutor'
2020-12-26 21:42:07.099  INFO 32177 --- [    Test worker] o.s.b.a.h2.H2ConsoleAutoConfiguration    : H2 console available at '/h2-console'. Database available at 'jdbc:h2:mem:testdb'
2020-12-26 21:42:07.153  INFO 32177 --- [    Test worker] o.s.b.a.w.s.WelcomePageHandlerMapping    : Adding welcome page template: index
2020-12-26 21:42:07.630  INFO 32177 --- [    Test worker] o.s.b.a.e.web.EndpointLinksResolver      : Exposing 2 endpoint(s) beneath base path '/actuator'
2020-12-26 21:42:07.688  INFO 32177 --- [    Test worker] s.a.ScheduledAnnotationBeanPostProcessor : No TaskScheduler/ScheduledExecutorService bean found for scheduled processing
2020-12-26 21:42:07.696  INFO 32177 --- [    Test worker] c.m.s.w.d.posts.PostsRepositoryTest      : Started PostsRepositoryTest in 4.765 seconds (JVM running for 5.636)
Hibernate: insert into posts (created_date, modified_date, author, content, title) values (?, ?, ?, ?, ?)
Hibernate: select posts0_.id as id1_0_, posts0_.created_date as created_2_0_, posts0_.modified_date as modified3_0_, posts0_.author as author4_0_, posts0_.content as content5_0_, posts0_.title as title6_0_ from posts posts0_
Hibernate: select posts0_.id as id1_0_, posts0_.created_date as created_2_0_, posts0_.modified_date as modified3_0_, posts0_.author as author4_0_, posts0_.content as content5_0_, posts0_.title as title6_0_ from posts posts0_
Hibernate: delete from posts where id=?
Hibernate: insert into posts (created_date, modified_date, author, content, title) values (?, ?, ?, ?, ?)
Hibernate: select posts0_.id as id1_0_, posts0_.created_date as created_2_0_, posts0_.modified_date as modified3_0_, posts0_.author as author4_0_, posts0_.content as content5_0_, posts0_.title as title6_0_ from posts posts0_
>>>>>>>>>> createDate = 2020-12-26T21:42:07.942, modifiedDate = 2020-12-26T21:42:07.942
Hibernate: select posts0_.id as id1_0_, posts0_.created_date as created_2_0_, posts0_.modified_date as modified3_0_, posts0_.author as author4_0_, posts0_.content as content5_0_, posts0_.title as title6_0_ from posts posts0_
Hibernate: delete from posts where id=?
]]></system-out>
  <system-err><![CDATA[]]></system-err>
</testsuite>
