<?xml version="1.0" encoding="UTF-8"?>
<testsuite name="com.masuldev.spring.web.IndexControllerTest" tests="1" skipped="0" failures="0" errors="0" timestamp="2020-12-26T12:42:09" hostname="Masuldev-Mac.local" time="0.172">
  <properties/>
  <testcase name="메인페이지_로딩()" classname="com.masuldev.spring.web.IndexControllerTest" time="0.172"/>
  <system-out><![CDATA[2020-12-26 21:42:07.953  INFO 32177 --- [    Test worker] .b.t.c.SpringBootTestContextBootstrapper : Neither @ContextConfiguration nor @ContextHierarchy found for test class [com.masuldev.spring.web.IndexControllerTest], using SpringBootContextLoader
2020-12-26 21:42:07.954  INFO 32177 --- [    Test worker] o.s.t.c.support.AbstractContextLoader    : Could not detect default resource locations for test class [com.masuldev.spring.web.IndexControllerTest]: no resource found for suffixes {-context.xml, Context.groovy}.
2020-12-26 21:42:07.954  INFO 32177 --- [    Test worker] t.c.s.AnnotationConfigContextLoaderUtils : Could not detect default configuration classes for test class [com.masuldev.spring.web.IndexControllerTest]: IndexControllerTest does not declare any static, non-private, non-final, nested classes annotated with @Configuration.
2020-12-26 21:42:07.960  INFO 32177 --- [    Test worker] .b.t.c.SpringBootTestContextBootstrapper : Found @SpringBootConfiguration com.masuldev.spring.Application for test class com.masuldev.spring.web.IndexControllerTest
2020-12-26 21:42:07.961  INFO 32177 --- [    Test worker] .b.t.c.SpringBootTestContextBootstrapper : Loaded default TestExecutionListener class names from location [META-INF/spring.factories]: [org.springframework.security.test.context.support.WithSecurityContextTestExecutionListener, org.springframework.security.test.context.support.ReactorContextTestExecutionListener, org.springframework.boot.test.autoconfigure.restdocs.RestDocsTestExecutionListener, org.springframework.boot.test.autoconfigure.web.client.MockRestServiceServerResetTestExecutionListener, org.springframework.boot.test.autoconfigure.web.servlet.MockMvcPrintOnlyOnFailureTestExecutionListener, org.springframework.boot.test.autoconfigure.web.servlet.WebDriverTestExecutionListener, org.springframework.boot.test.autoconfigure.webservices.client.MockWebServiceServerTestExecutionListener, org.springframework.boot.test.mock.mockito.MockitoTestExecutionListener, org.springframework.boot.test.mock.mockito.ResetMocksTestExecutionListener, org.springframework.test.context.web.ServletTestExecutionListener, org.springframework.test.context.support.DirtiesContextBeforeModesTestExecutionListener, org.springframework.test.context.support.DependencyInjectionTestExecutionListener, org.springframework.test.context.support.DirtiesContextTestExecutionListener, org.springframework.test.context.transaction.TransactionalTestExecutionListener, org.springframework.test.context.jdbc.SqlScriptsTestExecutionListener, org.springframework.test.context.event.EventPublishingTestExecutionListener]
2020-12-26 21:42:07.962  INFO 32177 --- [    Test worker] .b.t.c.SpringBootTestContextBootstrapper : Using TestExecutionListeners: [org.springframework.test.context.web.ServletTestExecutionListener@3eee34ee, org.springframework.test.context.support.DirtiesContextBeforeModesTestExecutionListener@7cc4b021, org.springframework.boot.test.mock.mockito.MockitoTestExecutionListener@44640a44, org.springframework.boot.test.autoconfigure.SpringBootDependencyInjectionTestExecutionListener@2e7ec942, org.springframework.test.context.support.DirtiesContextTestExecutionListener@6178d127, org.springframework.test.context.transaction.TransactionalTestExecutionListener@38643091, org.springframework.test.context.jdbc.SqlScriptsTestExecutionListener@5c363bf3, org.springframework.security.test.context.support.WithSecurityContextTestExecutionListener@45acdee, org.springframework.test.context.event.EventPublishingTestExecutionListener@238cc5ab, org.springframework.security.test.context.support.ReactorContextTestExecutionListener@3af589f3, org.springframework.boot.test.autoconfigure.restdocs.RestDocsTestExecutionListener@5771c4fd, org.springframework.boot.test.autoconfigure.web.client.MockRestServiceServerResetTestExecutionListener@5164640, org.springframework.boot.test.autoconfigure.web.servlet.MockMvcPrintOnlyOnFailureTestExecutionListener@40727ad4, org.springframework.boot.test.autoconfigure.web.servlet.WebDriverTestExecutionListener@565ec938, org.springframework.boot.test.autoconfigure.webservices.client.MockWebServiceServerTestExecutionListener@fd1b922, org.springframework.boot.test.mock.mockito.ResetMocksTestExecutionListener@3842cade]

  .   ____          _            __ _ _
 /\\ / ___'_ __ _ _(_)_ __  __ _ \ \ \ \
( ( )\___ | '_ | '_| | '_ \/ _` | \ \ \ \
 \\/  ___)| |_)| | | | | || (_| |  ) ) ) )
  '  |____| .__|_| |_|_| |_\__, | / / / /
 =========|_|==============|___/=/_/_/_/
 :: Spring Boot ::                (v2.4.1)

2020-12-26 21:42:07.982  INFO 32177 --- [    Test worker] c.m.spring.web.IndexControllerTest       : Starting IndexControllerTest using Java 1.8.0_275 on Masuldev-Mac.local with PID 32177 (started by masuldev in /Users/masuldev/Workspace/github.com/springboot-masuldev)
2020-12-26 21:42:07.982  INFO 32177 --- [    Test worker] c.m.spring.web.IndexControllerTest       : No active profile set, falling back to default profiles: default
2020-12-26 21:42:08.186  INFO 32177 --- [    Test worker] .s.d.r.c.RepositoryConfigurationDelegate : Bootstrapping Spring Data JPA repositories in DEFAULT mode.
2020-12-26 21:42:08.198  INFO 32177 --- [    Test worker] .s.d.r.c.RepositoryConfigurationDelegate : Finished Spring Data repository scanning in 11 ms. Found 2 JPA repository interfaces.
2020-12-26 21:42:08.448  INFO 32177 --- [    Test worker] o.s.b.w.embedded.tomcat.TomcatWebServer  : Tomcat initialized with port(s): 0 (http)
2020-12-26 21:42:08.459  INFO 32177 --- [    Test worker] o.apache.catalina.core.StandardService   : Starting service [Tomcat]
2020-12-26 21:42:08.459  INFO 32177 --- [    Test worker] org.apache.catalina.core.StandardEngine  : Starting Servlet engine: [Apache Tomcat/9.0.41]
2020-12-26 21:42:08.547  INFO 32177 --- [    Test worker] o.a.c.c.C.[Tomcat].[localhost].[/]       : Initializing Spring embedded WebApplicationContext
2020-12-26 21:42:08.548  INFO 32177 --- [    Test worker] w.s.c.ServletWebServerApplicationContext : Root WebApplicationContext: initialization completed in 564 ms
2020-12-26 21:42:08.710  INFO 32177 --- [    Test worker] com.zaxxer.hikari.HikariDataSource       : HikariPool-2 - Starting...
2020-12-26 21:42:08.711  INFO 32177 --- [    Test worker] com.zaxxer.hikari.HikariDataSource       : HikariPool-2 - Start completed.
2020-12-26 21:42:08.746  INFO 32177 --- [    Test worker] o.hibernate.jpa.internal.util.LogHelper  : HHH000204: Processing PersistenceUnitInfo [name: default]
2020-12-26 21:42:08.751  INFO 32177 --- [    Test worker] org.hibernate.dialect.Dialect            : HHH000400: Using dialect: org.hibernate.dialect.MySQL57Dialect
Hibernate: drop table if exists posts
Hibernate: drop table if exists user
Hibernate: create table posts (id bigint not null auto_increment, created_date datetime(6), modified_date datetime(6), author varchar(255), content TEXT not null, title varchar(500) not null, primary key (id)) engine=InnoDB
Hibernate: create table user (id bigint not null auto_increment, created_date datetime(6), modified_date datetime(6), email varchar(255) not null, name varchar(255) not null, picture varchar(255), role varchar(255) not null, primary key (id)) engine=InnoDB
2020-12-26 21:42:08.802  INFO 32177 --- [    Test worker] o.h.e.t.j.p.i.JtaPlatformInitiator       : HHH000490: Using JtaPlatform implementation: [org.hibernate.engine.transaction.jta.platform.internal.NoJtaPlatform]
2020-12-26 21:42:08.802  INFO 32177 --- [    Test worker] j.LocalContainerEntityManagerFactoryBean : Initialized JPA EntityManagerFactory for persistence unit 'default'
2020-12-26 21:42:08.822  INFO 32177 --- [    Test worker] o.s.b.a.h2.H2ConsoleAutoConfiguration    : H2 console available at '/h2-console'. Database available at 'jdbc:h2:mem:testdb'
2020-12-26 21:42:09.018  WARN 32177 --- [    Test worker] JpaBaseConfiguration$JpaWebConfiguration : spring.jpa.open-in-view is enabled by default. Therefore, database queries may be performed during view rendering. Explicitly configure spring.jpa.open-in-view to disable this warning
2020-12-26 21:42:09.168  INFO 32177 --- [    Test worker] o.s.s.web.DefaultSecurityFilterChain     : Will secure any request with [org.springframework.security.web.context.request.async.WebAsyncManagerIntegrationFilter@160280a5, org.springframework.security.web.context.SecurityContextPersistenceFilter@335c3b16, org.springframework.security.web.header.HeaderWriterFilter@10a985de, org.springframework.security.web.authentication.logout.LogoutFilter@2829eaeb, org.springframework.security.oauth2.client.web.OAuth2AuthorizationRequestRedirectFilter@7522643, org.springframework.security.oauth2.client.web.OAuth2LoginAuthenticationFilter@34d50ae1, org.springframework.security.web.authentication.ui.DefaultLoginPageGeneratingFilter@5b457e, org.springframework.security.web.authentication.ui.DefaultLogoutPageGeneratingFilter@452ec68c, org.springframework.security.web.savedrequest.RequestCacheAwareFilter@24fbd4a6, org.springframework.security.web.servletapi.SecurityContextHolderAwareRequestFilter@78203292, org.springframework.security.web.authentication.AnonymousAuthenticationFilter@53589054, org.springframework.security.web.session.SessionManagementFilter@39f7383, org.springframework.security.web.access.ExceptionTranslationFilter@5178c902, org.springframework.security.web.access.intercept.FilterSecurityInterceptor@7e25bb42]
2020-12-26 21:42:09.257  INFO 32177 --- [    Test worker] o.s.s.concurrent.ThreadPoolTaskExecutor  : Initializing ExecutorService 'applicationTaskExecutor'
2020-12-26 21:42:09.284  INFO 32177 --- [    Test worker] o.s.b.a.w.s.WelcomePageHandlerMapping    : Adding welcome page template: index
2020-12-26 21:42:09.481  INFO 32177 --- [    Test worker] o.s.b.a.e.web.EndpointLinksResolver      : Exposing 2 endpoint(s) beneath base path '/actuator'
2020-12-26 21:42:09.525  INFO 32177 --- [    Test worker] o.s.b.w.embedded.tomcat.TomcatWebServer  : Tomcat started on port(s): 54897 (http) with context path ''
2020-12-26 21:42:09.531  INFO 32177 --- [    Test worker] s.a.ScheduledAnnotationBeanPostProcessor : No TaskScheduler/ScheduledExecutorService bean found for scheduled processing
2020-12-26 21:42:09.532  INFO 32177 --- [    Test worker] c.m.spring.web.IndexControllerTest       : Started IndexControllerTest in 1.567 seconds (JVM running for 7.472)
2020-12-26 21:42:09.628  INFO 32177 --- [o-auto-1-exec-1] o.a.c.c.C.[Tomcat].[localhost].[/]       : Initializing Spring DispatcherServlet 'dispatcherServlet'
2020-12-26 21:42:09.628  INFO 32177 --- [o-auto-1-exec-1] o.s.web.servlet.DispatcherServlet        : Initializing Servlet 'dispatcherServlet'
2020-12-26 21:42:09.629  INFO 32177 --- [o-auto-1-exec-1] o.s.web.servlet.DispatcherServlet        : Completed initialization in 1 ms
Hibernate: select posts0_.id as id1_0_, posts0_.created_date as created_2_0_, posts0_.modified_date as modified3_0_, posts0_.author as author4_0_, posts0_.content as content5_0_, posts0_.title as title6_0_ from posts posts0_ order by posts0_.id DESC
]]></system-out>
  <system-err><![CDATA[]]></system-err>
</testsuite>
